{"total": {"lines":{"total":229,"covered":202,"skipped":0,"pct":88.2},"statements":{"total":259,"covered":218,"skipped":0,"pct":84.16},"functions":{"total":96,"covered":71,"skipped":0,"pct":73.95},"branches":{"total":144,"covered":107,"skipped":0,"pct":74.3},"branchesTrue":{"total":0,"covered":0,"skipped":0,"pct":100}}
,"D:\\University Material\\Year 3\\Semester 2\\Synoptic Project\\Git-Made-Easy\\frontend-app\\app\\dashboard\\DashboardClient.tsx": {"lines":{"total":22,"covered":22,"skipped":0,"pct":100},"functions":{"total":7,"covered":7,"skipped":0,"pct":100},"statements":{"total":26,"covered":26,"skipped":0,"pct":100},"branches":{"total":22,"covered":19,"skipped":0,"pct":86.36}}
,"D:\\University Material\\Year 3\\Semester 2\\Synoptic Project\\Git-Made-Easy\\frontend-app\\app\\lessons\\LessonPageClient.tsx": {"lines":{"total":34,"covered":33,"skipped":0,"pct":97.05},"functions":{"total":6,"covered":6,"skipped":0,"pct":100},"statements":{"total":44,"covered":37,"skipped":0,"pct":84.09},"branches":{"total":26,"covered":21,"skipped":0,"pct":80.76}}
,"D:\\University Material\\Year 3\\Semester 2\\Synoptic Project\\Git-Made-Easy\\frontend-app\\app\\login\\LoginForm.tsx": {"lines":{"total":31,"covered":30,"skipped":0,"pct":96.77},"functions":{"total":8,"covered":5,"skipped":0,"pct":62.5},"statements":{"total":34,"covered":31,"skipped":0,"pct":91.17},"branches":{"total":18,"covered":15,"skipped":0,"pct":83.33}}
,"D:\\University Material\\Year 3\\Semester 2\\Synoptic Project\\Git-Made-Easy\\frontend-app\\app\\register\\RegisterForm.tsx": {"lines":{"total":27,"covered":26,"skipped":0,"pct":96.29},"functions":{"total":10,"covered":7,"skipped":0,"pct":70},"statements":{"total":30,"covered":27,"skipped":0,"pct":90},"branches":{"total":16,"covered":13,"skipped":0,"pct":81.25}}
,"D:\\University Material\\Year 3\\Semester 2\\Synoptic Project\\Git-Made-Easy\\frontend-app\\components\\navbar\\navbar.tsx": {"lines":{"total":17,"covered":11,"skipped":0,"pct":64.7},"functions":{"total":8,"covered":4,"skipped":0,"pct":50},"statements":{"total":19,"covered":13,"skipped":0,"pct":68.42},"branches":{"total":24,"covered":24,"skipped":0,"pct":100}}
,"D:\\University Material\\Year 3\\Semester 2\\Synoptic Project\\Git-Made-Easy\\frontend-app\\components\\theme\\theme-toggle.tsx": {"lines":{"total":15,"covered":9,"skipped":0,"pct":60},"functions":{"total":5,"covered":2,"skipped":0,"pct":40},"statements":{"total":20,"covered":11,"skipped":0,"pct":55},"branches":{"total":16,"covered":7,"skipped":0,"pct":43.75}}
,"D:\\University Material\\Year 3\\Semester 2\\Synoptic Project\\Git-Made-Easy\\frontend-app\\components\\ui\\button.tsx": {"lines":{"total":5,"covered":5,"skipped":0,"pct":100},"functions":{"total":1,"covered":1,"skipped":0,"pct":100},"statements":{"total":5,"covered":5,"skipped":0,"pct":100},"branches":{"total":3,"covered":3,"skipped":0,"pct":100}}
,"D:\\University Material\\Year 3\\Semester 2\\Synoptic Project\\Git-Made-Easy\\frontend-app\\components\\ui\\dropdown-menu.tsx": {"lines":{"total":33,"covered":25,"skipped":0,"pct":75.75},"functions":{"total":9,"covered":1,"skipped":0,"pct":11.11},"statements":{"total":33,"covered":25,"skipped":0,"pct":75.75},"branches":{"total":7,"covered":1,"skipped":0,"pct":14.28}}
,"D:\\University Material\\Year 3\\Semester 2\\Synoptic Project\\Git-Made-Easy\\frontend-app\\components\\ui\\input.tsx": {"lines":{"total":3,"covered":3,"skipped":0,"pct":100},"functions":{"total":1,"covered":1,"skipped":0,"pct":100},"statements":{"total":3,"covered":3,"skipped":0,"pct":100},"branches":{"total":0,"covered":0,"skipped":0,"pct":100}}
,"D:\\University Material\\Year 3\\Semester 2\\Synoptic Project\\Git-Made-Easy\\frontend-app\\components\\ui\\label.tsx": {"lines":{"total":4,"covered":4,"skipped":0,"pct":100},"functions":{"total":1,"covered":1,"skipped":0,"pct":100},"statements":{"total":4,"covered":4,"skipped":0,"pct":100},"branches":{"total":0,"covered":0,"skipped":0,"pct":100}}
,"D:\\University Material\\Year 3\\Semester 2\\Synoptic Project\\Git-Made-Easy\\frontend-app\\infrastructure\\gateways\\HttpMethods.ts": {"lines":{"total":0,"covered":0,"skipped":0,"pct":100},"functions":{"total":0,"covered":0,"skipped":0,"pct":100},"statements":{"total":0,"covered":0,"skipped":0,"pct":100},"branches":{"total":0,"covered":0,"skipped":0,"pct":100}}
,"D:\\University Material\\Year 3\\Semester 2\\Synoptic Project\\Git-Made-Easy\\frontend-app\\infrastructure\\gateways\\auth\\FetchAuthGateway.ts": {"lines":{"total":4,"covered":4,"skipped":0,"pct":100},"functions":{"total":5,"covered":5,"skipped":0,"pct":100},"statements":{"total":4,"covered":4,"skipped":0,"pct":100},"branches":{"total":0,"covered":0,"skipped":0,"pct":100}}
,"D:\\University Material\\Year 3\\Semester 2\\Synoptic Project\\Git-Made-Easy\\frontend-app\\infrastructure\\gateways\\dashboard\\FetchDashboardGateway.ts": {"lines":{"total":1,"covered":1,"skipped":0,"pct":100},"functions":{"total":2,"covered":2,"skipped":0,"pct":100},"statements":{"total":1,"covered":1,"skipped":0,"pct":100},"branches":{"total":0,"covered":0,"skipped":0,"pct":100}}
,"D:\\University Material\\Year 3\\Semester 2\\Synoptic Project\\Git-Made-Easy\\frontend-app\\infrastructure\\gateways\\lessonProgress\\FetchLessonProgressGateway.ts": {"lines":{"total":2,"covered":2,"skipped":0,"pct":100},"functions":{"total":3,"covered":3,"skipped":0,"pct":100},"statements":{"total":2,"covered":2,"skipped":0,"pct":100},"branches":{"total":0,"covered":0,"skipped":0,"pct":100}}
,"D:\\University Material\\Year 3\\Semester 2\\Synoptic Project\\Git-Made-Easy\\frontend-app\\infrastructure\\gateways\\lessons\\FetchLessonGateway.ts": {"lines":{"total":4,"covered":4,"skipped":0,"pct":100},"functions":{"total":5,"covered":5,"skipped":0,"pct":100},"statements":{"total":4,"covered":4,"skipped":0,"pct":100},"branches":{"total":0,"covered":0,"skipped":0,"pct":100}}
,"D:\\University Material\\Year 3\\Semester 2\\Synoptic Project\\Git-Made-Easy\\frontend-app\\infrastructure\\gateways\\taskProgress\\FetchTaskProgressGateway.ts": {"lines":{"total":3,"covered":3,"skipped":0,"pct":100},"functions":{"total":4,"covered":4,"skipped":0,"pct":100},"statements":{"total":3,"covered":3,"skipped":0,"pct":100},"branches":{"total":0,"covered":0,"skipped":0,"pct":100}}
,"D:\\University Material\\Year 3\\Semester 2\\Synoptic Project\\Git-Made-Easy\\frontend-app\\infrastructure\\gateways\\tasks\\FetchTaskGateway.ts": {"lines":{"total":1,"covered":1,"skipped":0,"pct":100},"functions":{"total":2,"covered":2,"skipped":0,"pct":100},"statements":{"total":1,"covered":1,"skipped":0,"pct":100},"branches":{"total":0,"covered":0,"skipped":0,"pct":100}}
,"D:\\University Material\\Year 3\\Semester 2\\Synoptic Project\\Git-Made-Easy\\frontend-app\\infrastructure\\gateways\\users\\FetchUserGateway.ts": {"lines":{"total":3,"covered":3,"skipped":0,"pct":100},"functions":{"total":4,"covered":4,"skipped":0,"pct":100},"statements":{"total":3,"covered":3,"skipped":0,"pct":100},"branches":{"total":0,"covered":0,"skipped":0,"pct":100}}
,"D:\\University Material\\Year 3\\Semester 2\\Synoptic Project\\Git-Made-Easy\\frontend-app\\lib\\safeCallWrapper.ts": {"lines":{"total":4,"covered":3,"skipped":0,"pct":75},"functions":{"total":1,"covered":1,"skipped":0,"pct":100},"statements":{"total":4,"covered":3,"skipped":0,"pct":75},"branches":{"total":6,"covered":0,"skipped":0,"pct":0}}
,"D:\\University Material\\Year 3\\Semester 2\\Synoptic Project\\Git-Made-Easy\\frontend-app\\lib\\utils.ts": {"lines":{"total":1,"covered":1,"skipped":0,"pct":100},"functions":{"total":1,"covered":1,"skipped":0,"pct":100},"statements":{"total":1,"covered":1,"skipped":0,"pct":100},"branches":{"total":0,"covered":0,"skipped":0,"pct":100}}
,"D:\\University Material\\Year 3\\Semester 2\\Synoptic Project\\Git-Made-Easy\\frontend-app\\tests\\mocks\\mockApiClient.ts": {"lines":{"total":1,"covered":1,"skipped":0,"pct":100},"functions":{"total":1,"covered":1,"skipped":0,"pct":100},"statements":{"total":1,"covered":1,"skipped":0,"pct":100},"branches":{"total":0,"covered":0,"skipped":0,"pct":100}}
,"D:\\University Material\\Year 3\\Semester 2\\Synoptic Project\\Git-Made-Easy\\frontend-app\\tests\\mocks\\mockAuthentication.ts": {"lines":{"total":2,"covered":2,"skipped":0,"pct":100},"functions":{"total":2,"covered":2,"skipped":0,"pct":100},"statements":{"total":4,"covered":4,"skipped":0,"pct":100},"branches":{"total":0,"covered":0,"skipped":0,"pct":100}}
,"D:\\University Material\\Year 3\\Semester 2\\Synoptic Project\\Git-Made-Easy\\frontend-app\\tests\\mocks\\mockDashboardData.ts": {"lines":{"total":1,"covered":1,"skipped":0,"pct":100},"functions":{"total":1,"covered":1,"skipped":0,"pct":100},"statements":{"total":1,"covered":1,"skipped":0,"pct":100},"branches":{"total":1,"covered":1,"skipped":0,"pct":100}}
,"D:\\University Material\\Year 3\\Semester 2\\Synoptic Project\\Git-Made-Easy\\frontend-app\\tests\\mocks\\mockLesson.ts": {"lines":{"total":1,"covered":1,"skipped":0,"pct":100},"functions":{"total":1,"covered":1,"skipped":0,"pct":100},"statements":{"total":1,"covered":1,"skipped":0,"pct":100},"branches":{"total":1,"covered":1,"skipped":0,"pct":100}}
,"D:\\University Material\\Year 3\\Semester 2\\Synoptic Project\\Git-Made-Easy\\frontend-app\\tests\\mocks\\mockLessonProgress.ts": {"lines":{"total":1,"covered":1,"skipped":0,"pct":100},"functions":{"total":1,"covered":1,"skipped":0,"pct":100},"statements":{"total":1,"covered":1,"skipped":0,"pct":100},"branches":{"total":1,"covered":0,"skipped":0,"pct":0}}
,"D:\\University Material\\Year 3\\Semester 2\\Synoptic Project\\Git-Made-Easy\\frontend-app\\tests\\mocks\\mockNextNavigation.ts": {"lines":{"total":5,"covered":3,"skipped":0,"pct":60},"functions":{"total":3,"covered":0,"skipped":0,"pct":0},"statements":{"total":6,"covered":3,"skipped":0,"pct":50},"branches":{"total":0,"covered":0,"skipped":0,"pct":100}}
,"D:\\University Material\\Year 3\\Semester 2\\Synoptic Project\\Git-Made-Easy\\frontend-app\\tests\\mocks\\mockTask.ts": {"lines":{"total":1,"covered":1,"skipped":0,"pct":100},"functions":{"total":1,"covered":1,"skipped":0,"pct":100},"statements":{"total":1,"covered":1,"skipped":0,"pct":100},"branches":{"total":1,"covered":0,"skipped":0,"pct":0}}
,"D:\\University Material\\Year 3\\Semester 2\\Synoptic Project\\Git-Made-Easy\\frontend-app\\tests\\mocks\\mockTaskProgress.ts": {"lines":{"total":1,"covered":1,"skipped":0,"pct":100},"functions":{"total":1,"covered":1,"skipped":0,"pct":100},"statements":{"total":1,"covered":1,"skipped":0,"pct":100},"branches":{"total":1,"covered":1,"skipped":0,"pct":100}}
,"D:\\University Material\\Year 3\\Semester 2\\Synoptic Project\\Git-Made-Easy\\frontend-app\\tests\\mocks\\mockThemeToggle.tsx": {"lines":{"total":1,"covered":0,"skipped":0,"pct":0},"functions":{"total":1,"covered":0,"skipped":0,"pct":0},"statements":{"total":1,"covered":0,"skipped":0,"pct":0},"branches":{"total":0,"covered":0,"skipped":0,"pct":100}}
,"D:\\University Material\\Year 3\\Semester 2\\Synoptic Project\\Git-Made-Easy\\frontend-app\\tests\\mocks\\mockUser.ts": {"lines":{"total":1,"covered":1,"skipped":0,"pct":100},"functions":{"total":1,"covered":1,"skipped":0,"pct":100},"statements":{"total":1,"covered":1,"skipped":0,"pct":100},"branches":{"total":1,"covered":1,"skipped":0,"pct":100}}
,"D:\\University Material\\Year 3\\Semester 2\\Synoptic Project\\Git-Made-Easy\\frontend-app\\types\\difficultyLevels.ts": {"lines":{"total":0,"covered":0,"skipped":0,"pct":100},"functions":{"total":0,"covered":0,"skipped":0,"pct":100},"statements":{"total":0,"covered":0,"skipped":0,"pct":100},"branches":{"total":0,"covered":0,"skipped":0,"pct":100}}
}
