{"total": {"lines":{"total":104,"covered":81,"skipped":0,"pct":77.88},"statements":{"total":114,"covered":87,"skipped":0,"pct":76.31},"functions":{"total":62,"covered":43,"skipped":0,"pct":69.35},"branches":{"total":56,"covered":39,"skipped":0,"pct":69.64},"branchesTrue":{"total":0,"covered":0,"skipped":0,"pct":100}}
,"D:\\University Material\\Year 3\\Semester 2\\Synoptic Project\\Git-Made-Easy\\frontend-app\\components\\navbar\\navbar.tsx": {"lines":{"total":17,"covered":11,"skipped":0,"pct":64.7},"functions":{"total":8,"covered":4,"skipped":0,"pct":50},"statements":{"total":19,"covered":13,"skipped":0,"pct":68.42},"branches":{"total":24,"covered":24,"skipped":0,"pct":100}}
,"D:\\University Material\\Year 3\\Semester 2\\Synoptic Project\\Git-Made-Easy\\frontend-app\\components\\theme\\theme-toggle.tsx": {"lines":{"total":15,"covered":9,"skipped":0,"pct":60},"functions":{"total":5,"covered":2,"skipped":0,"pct":40},"statements":{"total":20,"covered":11,"skipped":0,"pct":55},"branches":{"total":16,"covered":7,"skipped":0,"pct":43.75}}
,"D:\\University Material\\Year 3\\Semester 2\\Synoptic Project\\Git-Made-Easy\\frontend-app\\components\\ui\\button.tsx": {"lines":{"total":5,"covered":5,"skipped":0,"pct":100},"functions":{"total":1,"covered":1,"skipped":0,"pct":100},"statements":{"total":5,"covered":5,"skipped":0,"pct":100},"branches":{"total":3,"covered":3,"skipped":0,"pct":100}}
,"D:\\University Material\\Year 3\\Semester 2\\Synoptic Project\\Git-Made-Easy\\frontend-app\\components\\ui\\dropdown-menu.tsx": {"lines":{"total":33,"covered":25,"skipped":0,"pct":75.75},"functions":{"total":9,"covered":1,"skipped":0,"pct":11.11},"statements":{"total":33,"covered":25,"skipped":0,"pct":75.75},"branches":{"total":7,"covered":1,"skipped":0,"pct":14.28}}
,"D:\\University Material\\Year 3\\Semester 2\\Synoptic Project\\Git-Made-Easy\\frontend-app\\infrastructure\\gateways\\HttpMethods.ts": {"lines":{"total":0,"covered":0,"skipped":0,"pct":100},"functions":{"total":0,"covered":0,"skipped":0,"pct":100},"statements":{"total":0,"covered":0,"skipped":0,"pct":100},"branches":{"total":0,"covered":0,"skipped":0,"pct":100}}
,"D:\\University Material\\Year 3\\Semester 2\\Synoptic Project\\Git-Made-Easy\\frontend-app\\infrastructure\\gateways\\auth\\FetchAuthGateway.ts": {"lines":{"total":4,"covered":4,"skipped":0,"pct":100},"functions":{"total":5,"covered":5,"skipped":0,"pct":100},"statements":{"total":4,"covered":4,"skipped":0,"pct":100},"branches":{"total":0,"covered":0,"skipped":0,"pct":100}}
,"D:\\University Material\\Year 3\\Semester 2\\Synoptic Project\\Git-Made-Easy\\frontend-app\\infrastructure\\gateways\\dashboard\\FetchDashboardGateway.ts": {"lines":{"total":1,"covered":1,"skipped":0,"pct":100},"functions":{"total":2,"covered":2,"skipped":0,"pct":100},"statements":{"total":1,"covered":1,"skipped":0,"pct":100},"branches":{"total":0,"covered":0,"skipped":0,"pct":100}}
,"D:\\University Material\\Year 3\\Semester 2\\Synoptic Project\\Git-Made-Easy\\frontend-app\\infrastructure\\gateways\\lessonProgress\\FetchLessonProgressGateway.ts": {"lines":{"total":2,"covered":2,"skipped":0,"pct":100},"functions":{"total":3,"covered":3,"skipped":0,"pct":100},"statements":{"total":2,"covered":2,"skipped":0,"pct":100},"branches":{"total":0,"covered":0,"skipped":0,"pct":100}}
,"D:\\University Material\\Year 3\\Semester 2\\Synoptic Project\\Git-Made-Easy\\frontend-app\\infrastructure\\gateways\\lessons\\FetchLessonGateway.ts": {"lines":{"total":4,"covered":4,"skipped":0,"pct":100},"functions":{"total":5,"covered":5,"skipped":0,"pct":100},"statements":{"total":4,"covered":4,"skipped":0,"pct":100},"branches":{"total":0,"covered":0,"skipped":0,"pct":100}}
,"D:\\University Material\\Year 3\\Semester 2\\Synoptic Project\\Git-Made-Easy\\frontend-app\\infrastructure\\gateways\\taskProgress\\FetchTaskProgressGateway.ts": {"lines":{"total":3,"covered":3,"skipped":0,"pct":100},"functions":{"total":4,"covered":4,"skipped":0,"pct":100},"statements":{"total":3,"covered":3,"skipped":0,"pct":100},"branches":{"total":0,"covered":0,"skipped":0,"pct":100}}
,"D:\\University Material\\Year 3\\Semester 2\\Synoptic Project\\Git-Made-Easy\\frontend-app\\infrastructure\\gateways\\tasks\\FetchTaskGateway.ts": {"lines":{"total":1,"covered":1,"skipped":0,"pct":100},"functions":{"total":2,"covered":2,"skipped":0,"pct":100},"statements":{"total":1,"covered":1,"skipped":0,"pct":100},"branches":{"total":0,"covered":0,"skipped":0,"pct":100}}
,"D:\\University Material\\Year 3\\Semester 2\\Synoptic Project\\Git-Made-Easy\\frontend-app\\infrastructure\\gateways\\users\\FetchUserGateway.ts": {"lines":{"total":3,"covered":3,"skipped":0,"pct":100},"functions":{"total":4,"covered":4,"skipped":0,"pct":100},"statements":{"total":3,"covered":3,"skipped":0,"pct":100},"branches":{"total":0,"covered":0,"skipped":0,"pct":100}}
,"D:\\University Material\\Year 3\\Semester 2\\Synoptic Project\\Git-Made-Easy\\frontend-app\\lib\\utils.ts": {"lines":{"total":1,"covered":1,"skipped":0,"pct":100},"functions":{"total":1,"covered":1,"skipped":0,"pct":100},"statements":{"total":1,"covered":1,"skipped":0,"pct":100},"branches":{"total":0,"covered":0,"skipped":0,"pct":100}}
,"D:\\University Material\\Year 3\\Semester 2\\Synoptic Project\\Git-Made-Easy\\frontend-app\\tests\\mocks\\mockApiClient.ts": {"lines":{"total":1,"covered":1,"skipped":0,"pct":100},"functions":{"total":1,"covered":1,"skipped":0,"pct":100},"statements":{"total":1,"covered":1,"skipped":0,"pct":100},"branches":{"total":0,"covered":0,"skipped":0,"pct":100}}
,"D:\\University Material\\Year 3\\Semester 2\\Synoptic Project\\Git-Made-Easy\\frontend-app\\tests\\mocks\\mockAuthentication.ts": {"lines":{"total":2,"covered":2,"skipped":0,"pct":100},"functions":{"total":2,"covered":2,"skipped":0,"pct":100},"statements":{"total":4,"covered":4,"skipped":0,"pct":100},"branches":{"total":0,"covered":0,"skipped":0,"pct":100}}
,"D:\\University Material\\Year 3\\Semester 2\\Synoptic Project\\Git-Made-Easy\\frontend-app\\tests\\mocks\\mockDashboardData.ts": {"lines":{"total":1,"covered":1,"skipped":0,"pct":100},"functions":{"total":1,"covered":1,"skipped":0,"pct":100},"statements":{"total":1,"covered":1,"skipped":0,"pct":100},"branches":{"total":1,"covered":1,"skipped":0,"pct":100}}
,"D:\\University Material\\Year 3\\Semester 2\\Synoptic Project\\Git-Made-Easy\\frontend-app\\tests\\mocks\\mockLesson.ts": {"lines":{"total":1,"covered":1,"skipped":0,"pct":100},"functions":{"total":1,"covered":1,"skipped":0,"pct":100},"statements":{"total":1,"covered":1,"skipped":0,"pct":100},"branches":{"total":1,"covered":1,"skipped":0,"pct":100}}
,"D:\\University Material\\Year 3\\Semester 2\\Synoptic Project\\Git-Made-Easy\\frontend-app\\tests\\mocks\\mockLessonProgress.ts": {"lines":{"total":1,"covered":1,"skipped":0,"pct":100},"functions":{"total":1,"covered":1,"skipped":0,"pct":100},"statements":{"total":1,"covered":1,"skipped":0,"pct":100},"branches":{"total":1,"covered":0,"skipped":0,"pct":0}}
,"D:\\University Material\\Year 3\\Semester 2\\Synoptic Project\\Git-Made-Easy\\frontend-app\\tests\\mocks\\mockNextNavigation.ts": {"lines":{"total":5,"covered":3,"skipped":0,"pct":60},"functions":{"total":3,"covered":0,"skipped":0,"pct":0},"statements":{"total":6,"covered":3,"skipped":0,"pct":50},"branches":{"total":0,"covered":0,"skipped":0,"pct":100}}
,"D:\\University Material\\Year 3\\Semester 2\\Synoptic Project\\Git-Made-Easy\\frontend-app\\tests\\mocks\\mockTask.ts": {"lines":{"total":1,"covered":1,"skipped":0,"pct":100},"functions":{"total":1,"covered":1,"skipped":0,"pct":100},"statements":{"total":1,"covered":1,"skipped":0,"pct":100},"branches":{"total":1,"covered":0,"skipped":0,"pct":0}}
,"D:\\University Material\\Year 3\\Semester 2\\Synoptic Project\\Git-Made-Easy\\frontend-app\\tests\\mocks\\mockTaskProgress.ts": {"lines":{"total":1,"covered":1,"skipped":0,"pct":100},"functions":{"total":1,"covered":1,"skipped":0,"pct":100},"statements":{"total":1,"covered":1,"skipped":0,"pct":100},"branches":{"total":1,"covered":1,"skipped":0,"pct":100}}
,"D:\\University Material\\Year 3\\Semester 2\\Synoptic Project\\Git-Made-Easy\\frontend-app\\tests\\mocks\\mockThemeToggle.tsx": {"lines":{"total":1,"covered":0,"skipped":0,"pct":0},"functions":{"total":1,"covered":0,"skipped":0,"pct":0},"statements":{"total":1,"covered":0,"skipped":0,"pct":0},"branches":{"total":0,"covered":0,"skipped":0,"pct":100}}
,"D:\\University Material\\Year 3\\Semester 2\\Synoptic Project\\Git-Made-Easy\\frontend-app\\tests\\mocks\\mockUser.ts": {"lines":{"total":1,"covered":1,"skipped":0,"pct":100},"functions":{"total":1,"covered":1,"skipped":0,"pct":100},"statements":{"total":1,"covered":1,"skipped":0,"pct":100},"branches":{"total":1,"covered":1,"skipped":0,"pct":100}}
,"D:\\University Material\\Year 3\\Semester 2\\Synoptic Project\\Git-Made-Easy\\frontend-app\\types\\difficultyLevels.ts": {"lines":{"total":0,"covered":0,"skipped":0,"pct":100},"functions":{"total":0,"covered":0,"skipped":0,"pct":100},"statements":{"total":0,"covered":0,"skipped":0,"pct":100},"branches":{"total":0,"covered":0,"skipped":0,"pct":100}}
}
