TN:
SF:app\scroll-to-top.tsx
FN:16,ScrollToTop
FN:18,(anonymous_1)
FNF:2
FNH:2
FNDA:2,ScrollToTop
FNDA:2,(anonymous_1)
DA:17,2
DA:18,2
DA:19,2
DA:21,2
LF:4
LH:4
BRF:0
BRH:0
end_of_record
TN:
SF:app\dashboard\DashboardClient.tsx
FN:13,DashboardClient
FN:22,(anonymous_1)
FN:23,loadDashboard
FN:34,(anonymous_3)
FN:34,(anonymous_4)
FN:35,(anonymous_5)
FN:44,(anonymous_6)
FNF:7
FNH:7
FNDA:8,DashboardClient
FNDA:7,(anonymous_1)
FNDA:7,loadDashboard
FNDA:4,(anonymous_3)
FNDA:3,(anonymous_4)
FNDA:4,(anonymous_5)
FNDA:1,(anonymous_6)
DA:14,8
DA:15,8
DA:16,8
DA:17,8
DA:18,8
DA:20,8
DA:22,7
DA:24,7
DA:25,7
DA:26,2
DA:28,1
DA:29,3
DA:31,7
DA:34,7
DA:35,4
DA:36,3
DA:44,1
DA:46,7
DA:48,3
DA:49,1
DA:56,2
LF:21
LH:21
BRDA:20,0,0,1
BRDA:20,0,1,7
BRDA:28,1,0,1
BRDA:28,1,1,0
BRDA:34,2,0,7
BRDA:34,2,1,5
BRDA:39,3,0,3
BRDA:39,3,1,0
BRDA:42,4,0,3
BRDA:42,4,1,1
BRDA:46,5,0,4
BRDA:46,5,1,3
BRDA:46,6,0,4
BRDA:46,6,1,0
BRDA:48,7,0,1
BRDA:48,7,1,2
BRDA:51,8,0,1
BRDA:51,8,1,0
BRDA:61,9,0,2
BRDA:61,9,1,0
BRDA:68,10,0,2
BRDA:68,10,1,2
BRDA:70,11,0,2
BRDA:70,11,1,2
BRF:24
BRH:19
end_of_record
TN:
SF:app\lessons\LessonPage.tsx
FN:13,LessonsPage
FN:20,(anonymous_1)
FN:21,(anonymous_2)
FN:23,(anonymous_3)
FN:27,(anonymous_4)
FN:28,(anonymous_5)
FN:38,(anonymous_6)
FN:43,(anonymous_7)
FN:46,(anonymous_8)
FN:87,(anonymous_9)
FNF:10
FNH:10
FNDA:6,LessonsPage
FNDA:3,(anonymous_1)
FNDA:3,(anonymous_2)
FNDA:3,(anonymous_3)
FNDA:3,(anonymous_4)
FNDA:3,(anonymous_5)
FNDA:3,(anonymous_6)
FNDA:2,(anonymous_7)
FNDA:2,(anonymous_8)
FNDA:3,(anonymous_9)
DA:14,6
DA:15,6
DA:16,6
DA:17,6
DA:18,6
DA:20,6
DA:21,3
DA:23,3
DA:24,3
DA:25,3
DA:26,3
DA:28,3
DA:29,3
DA:35,3
DA:38,3
DA:39,3
DA:42,3
DA:43,2
DA:44,2
DA:45,2
DA:46,2
DA:47,2
DA:50,1
DA:51,1
DA:52,1
DA:54,3
DA:56,3
DA:60,6
DA:62,3
DA:63,0
DA:73,3
DA:88,3
LF:32
LH:31
BRDA:24,0,0,0
BRDA:24,0,1,3
BRDA:24,1,0,3
BRDA:24,1,1,3
BRDA:31,2,0,3
BRDA:31,2,1,0
BRDA:39,3,0,3
BRDA:39,3,1,3
BRDA:42,4,0,2
BRDA:42,4,1,1
BRDA:44,5,0,2
BRDA:44,5,1,0
BRDA:44,6,0,2
BRDA:44,6,1,2
BRDA:60,7,0,3
BRDA:60,7,1,3
BRDA:62,8,0,0
BRDA:62,8,1,3
BRDA:62,9,0,3
BRDA:62,9,1,3
BRF:20
BRH:16
end_of_record
TN:
SF:app\lessons\[lessonId]\LessonDetail.tsx
FN:12,LessonPage
FNF:1
FNH:1
FNDA:1,LessonPage
DA:13,1
LF:1
LH:1
BRF:0
BRH:0
end_of_record
TN:
SF:app\lessons\[lessonId]\page.tsx
FN:11,SingleLessonPage
FN:17,(anonymous_1)
FN:30,(anonymous_2)
FNF:3
FNH:3
FNDA:2,SingleLessonPage
FNDA:2,(anonymous_1)
FNDA:1,(anonymous_2)
DA:7,1
DA:12,2
DA:14,2
DA:15,2
DA:17,2
DA:18,2
DA:19,1
DA:29,1
DA:30,1
DA:32,1
DA:33,1
DA:36,1
LF:12
LH:12
BRDA:18,0,0,1
BRDA:18,0,1,1
BRDA:18,1,0,2
BRDA:18,1,1,2
BRF:4
BRH:4
end_of_record
TN:
SF:app\login\LoginForm.tsx
FN:13,LoginForm
FN:25,handleSubmit
FN:34,(anonymous_2)
FN:91,(anonymous_3)
FN:100,(anonymous_4)
FN:105,(anonymous_5)
FNF:6
FNH:5
FNDA:23,LoginForm
FNDA:7,handleSubmit
FNDA:1,(anonymous_2)
FNDA:1,(anonymous_3)
FNDA:1,(anonymous_4)
FNDA:0,(anonymous_5)
DA:14,23
DA:15,23
DA:16,23
DA:17,23
DA:18,23
DA:19,23
DA:20,23
DA:21,23
DA:22,23
DA:26,7
DA:27,7
DA:28,7
DA:30,7
DA:31,7
DA:32,3
DA:33,3
DA:34,3
DA:36,4
DA:37,1
DA:38,3
DA:39,1
DA:40,2
DA:41,1
DA:42,1
DA:44,7
DA:48,23
DA:49,2
DA:72,21
DA:91,1
DA:100,1
DA:105,0
LF:31
LH:30
BRDA:36,0,0,1
BRDA:36,0,1,3
BRDA:38,1,0,1
BRDA:38,1,1,2
BRDA:40,2,0,1
BRDA:40,2,1,1
BRDA:42,3,0,1
BRDA:42,3,1,0
BRDA:48,4,0,2
BRDA:48,4,1,21
BRDA:100,5,0,0
BRDA:100,5,1,21
BRDA:104,6,0,0
BRDA:104,6,1,21
BRDA:106,7,0,0
BRDA:106,7,1,21
BRDA:111,8,0,21
BRDA:111,8,1,4
BRDA:119,9,0,7
BRDA:119,9,1,14
BRF:20
BRH:16
end_of_record
TN:
SF:app\register\RegisterForm.tsx
FN:12,RegisterForm
FN:26,handleSubmit
FN:36,(anonymous_2)
FN:87,(anonymous_3)
FN:94,(anonymous_4)
FN:103,(anonymous_5)
FN:112,(anonymous_6)
FN:116,(anonymous_7)
FN:116,(anonymous_8)
FN:127,(anonymous_9)
FN:131,(anonymous_10)
FN:131,(anonymous_11)
FNF:12
FNH:8
FNDA:40,RegisterForm
FNDA:5,handleSubmit
FNDA:1,(anonymous_2)
FNDA:5,(anonymous_3)
FNDA:5,(anonymous_4)
FNDA:5,(anonymous_5)
FNDA:5,(anonymous_6)
FNDA:0,(anonymous_7)
FNDA:0,(anonymous_8)
FNDA:5,(anonymous_9)
FNDA:0,(anonymous_10)
FNDA:0,(anonymous_11)
DA:13,40
DA:14,40
DA:15,40
DA:16,40
DA:17,40
DA:18,40
DA:19,40
DA:20,40
DA:21,40
DA:23,40
DA:24,40
DA:27,5
DA:28,5
DA:29,5
DA:31,5
DA:33,5
DA:34,5
DA:35,3
DA:36,3
DA:38,2
DA:39,5
DA:42,40
DA:43,2
DA:65,38
DA:87,5
DA:94,5
DA:103,5
DA:112,5
DA:116,0
DA:127,5
DA:131,0
LF:31
LH:29
BRDA:31,0,0,0
BRDA:31,0,1,5
BRDA:38,1,0,2
BRDA:38,1,1,1
BRDA:42,2,0,2
BRDA:42,2,1,38
BRDA:112,3,0,0
BRDA:112,3,1,38
BRDA:116,4,0,0
BRDA:116,4,1,38
BRDA:117,5,0,0
BRDA:117,5,1,38
BRDA:127,6,0,0
BRDA:127,6,1,38
BRDA:131,7,0,0
BRDA:131,7,1,38
BRDA:132,8,0,0
BRDA:132,8,1,38
BRDA:137,9,0,38
BRDA:137,9,1,2
BRDA:140,10,0,5
BRDA:140,10,1,33
BRDA:141,11,0,5
BRDA:141,11,1,33
BRF:24
BRH:17
end_of_record
TN:
SF:components\LoadingSpinner.tsx
FN:5,LoadingSpinner
FNF:1
FNH:1
FNDA:7,LoadingSpinner
DA:6,7
LF:1
LH:1
BRF:0
BRH:0
end_of_record
TN:
SF:components\lessons\lesson-header.tsx
FN:12,LessonHeader
FNF:1
FNH:1
FNDA:1,LessonHeader
DA:13,1
DA:14,1
DA:16,1
LF:3
LH:3
BRDA:14,0,0,1
BRDA:14,0,1,0
BRDA:31,1,0,1
BRDA:31,1,1,0
BRDA:33,2,0,1
BRDA:33,2,1,1
BRF:6
BRH:4
end_of_record
TN:
SF:components\navbar\navbar.tsx
FN:12,Navbar
FN:19,(anonymous_1)
FN:22,(anonymous_2)
FN:93,(anonymous_3)
FN:106,(anonymous_4)
FN:112,(anonymous_5)
FN:122,(anonymous_6)
FN:127,(anonymous_7)
FNF:8
FNH:4
FNDA:25,Navbar
FNDA:10,(anonymous_1)
FNDA:0,(anonymous_2)
FNDA:4,(anonymous_3)
FNDA:1,(anonymous_4)
FNDA:0,(anonymous_5)
FNDA:0,(anonymous_6)
FNDA:0,(anonymous_7)
DA:13,25
DA:14,25
DA:15,25
DA:16,25
DA:17,25
DA:19,25
DA:20,25
DA:22,15
DA:24,15
DA:93,4
DA:106,1
DA:112,0
DA:122,0
DA:127,0
LF:14
LH:11
BRDA:20,0,0,10
BRDA:20,0,1,15
BRDA:38,1,0,1
BRDA:38,1,1,14
BRDA:41,2,0,15
BRDA:41,2,1,5
BRDA:46,3,0,1
BRDA:46,3,1,4
BRDA:54,4,0,5
BRDA:54,4,1,10
BRDA:95,5,0,3
BRDA:95,5,1,12
BRDA:96,6,0,3
BRDA:96,6,1,12
BRDA:103,7,0,3
BRDA:103,7,1,12
BRDA:107,8,0,1
BRDA:107,8,1,14
BRDA:111,9,0,15
BRDA:111,9,1,5
BRDA:113,10,0,1
BRDA:113,10,1,4
BRDA:119,11,0,15
BRDA:119,11,1,10
BRF:24
BRH:24
end_of_record
TN:
SF:components\tasks\task-item.tsx
FN:29,TaskItem
FN:39,(anonymous_1)
FN:49,(anonymous_2)
FN:75,(anonymous_3)
FN:124,(anonymous_4)
FN:130,(anonymous_5)
FN:140,(anonymous_6)
FN:169,(anonymous_7)
FN:175,(anonymous_8)
FNF:9
FNH:2
FNDA:6,TaskItem
FNDA:2,(anonymous_1)
FNDA:0,(anonymous_2)
FNDA:0,(anonymous_3)
FNDA:0,(anonymous_4)
FNDA:0,(anonymous_5)
FNDA:0,(anonymous_6)
FNDA:0,(anonymous_7)
FNDA:0,(anonymous_8)
DA:30,6
DA:31,6
DA:32,6
DA:33,6
DA:34,6
DA:36,6
DA:39,6
DA:40,2
DA:41,0
DA:42,0
DA:43,0
DA:47,6
DA:49,6
DA:50,0
DA:51,0
DA:53,0
DA:54,0
DA:55,0
DA:57,0
DA:59,0
DA:60,0
DA:61,0
DA:62,0
DA:70,0
DA:72,0
DA:75,6
DA:76,0
DA:77,0
DA:78,0
DA:79,0
DA:80,0
DA:83,6
DA:84,6
DA:85,6
DA:87,6
DA:124,0
DA:130,0
DA:140,0
DA:169,0
DA:175,0
LF:40
LH:15
BRDA:36,0,0,6
BRDA:36,0,1,6
BRDA:40,1,0,0
BRDA:40,1,1,2
BRDA:41,2,0,0
BRDA:41,2,1,0
BRDA:51,3,0,0
BRDA:51,3,1,0
BRDA:54,4,0,0
BRDA:54,4,1,0
BRDA:54,5,0,0
BRDA:54,5,1,0
BRDA:55,6,0,0
BRDA:55,6,1,0
BRDA:57,7,0,0
BRDA:57,7,1,0
BRDA:65,8,0,0
BRDA:65,8,1,0
BRDA:65,9,0,0
BRDA:65,9,1,0
BRDA:66,10,0,0
BRDA:66,10,1,0
BRDA:67,11,0,0
BRDA:67,11,1,0
BRDA:68,12,0,0
BRDA:68,12,1,0
BRDA:72,13,0,0
BRDA:72,13,1,0
BRDA:84,14,0,0
BRDA:84,14,1,6
BRDA:84,15,0,0
BRDA:84,15,1,6
BRDA:85,16,0,0
BRDA:85,16,1,6
BRDA:85,17,0,0
BRDA:85,17,1,6
BRDA:88,18,0,1
BRDA:88,18,1,5
BRDA:89,19,0,0
BRDA:89,19,1,6
BRDA:92,20,0,0
BRDA:92,20,1,6
BRDA:97,21,0,0
BRDA:97,21,1,6
BRDA:105,22,0,6
BRDA:105,22,1,0
BRDA:107,23,0,0
BRDA:107,23,1,0
BRDA:115,24,0,1
BRDA:115,24,1,5
BRDA:118,25,0,6
BRDA:118,25,1,1
BRDA:122,26,0,0
BRDA:122,26,1,1
BRDA:140,27,0,0
BRDA:140,27,1,0
BRDA:144,28,0,1
BRDA:144,28,1,0
BRDA:145,29,0,1
BRDA:145,29,1,0
BRDA:145,30,0,1
BRDA:145,30,1,1
BRDA:159,31,0,1
BRDA:159,31,1,0
BRDA:160,32,0,0
BRDA:160,32,1,0
BRDA:165,33,0,1
BRDA:165,33,1,0
BRDA:167,34,0,0
BRDA:167,34,1,0
BRF:70
BRH:24
end_of_record
TN:
SF:components\tasks\task-list.tsx
FN:22,TaskList
FN:29,(anonymous_1)
FN:33,(anonymous_2)
FN:34,checkAuthentication
FN:43,(anonymous_4)
FN:45,(anonymous_5)
FN:46,(anonymous_6)
FN:49,(anonymous_7)
FN:50,loadProgress
FN:73,(anonymous_9)
FN:75,(anonymous_10)
FN:84,(anonymous_11)
FN:85,(anonymous_12)
FN:93,(anonymous_13)
FN:109,(anonymous_14)
FN:112,(anonymous_15)
FN:115,(anonymous_16)
FN:120,(anonymous_17)
FN:143,(anonymous_18)
FN:144,(anonymous_19)
FN:145,(anonymous_20)
FNF:21
FNH:12
FNDA:3,TaskList
FNDA:6,(anonymous_1)
FNDA:1,(anonymous_2)
FNDA:1,checkAuthentication
FNDA:2,(anonymous_4)
FNDA:1,(anonymous_5)
FNDA:1,(anonymous_6)
FNDA:1,(anonymous_7)
FNDA:1,loadProgress
FNDA:1,(anonymous_9)
FNDA:0,(anonymous_10)
FNDA:0,(anonymous_11)
FNDA:0,(anonymous_12)
FNDA:0,(anonymous_13)
FNDA:0,(anonymous_14)
FNDA:0,(anonymous_15)
FNDA:0,(anonymous_16)
FNDA:0,(anonymous_17)
FNDA:6,(anonymous_18)
FNDA:0,(anonymous_19)
FNDA:2,(anonymous_20)
DA:23,3
DA:24,3
DA:25,3
DA:26,3
DA:27,3
DA:29,6
DA:30,3
DA:31,3
DA:33,3
DA:35,1
DA:36,0
DA:37,0
DA:38,1
DA:40,1
DA:43,3
DA:44,2
DA:45,1
DA:46,1
DA:49,3
DA:51,1
DA:52,1
DA:53,0
DA:54,0
DA:55,0
DA:56,0
DA:57,0
DA:59,0
DA:60,0
DA:64,1
DA:65,1
DA:66,1
DA:67,2
DA:68,1
DA:70,1
DA:73,3
DA:74,1
DA:75,0
DA:76,0
DA:77,0
DA:78,0
DA:79,0
DA:80,0
DA:84,3
DA:85,0
DA:86,0
DA:87,0
DA:88,0
DA:89,0
DA:93,3
DA:94,0
DA:95,0
DA:96,0
DA:97,0
DA:107,0
DA:109,0
DA:110,0
DA:111,0
DA:112,0
DA:113,0
DA:114,0
DA:115,0
DA:116,0
DA:117,0
DA:118,0
DA:120,0
DA:121,0
DA:122,0
DA:123,0
DA:130,3
DA:144,6
DA:145,2
LF:71
LH:32
BRDA:31,0,0,3
BRDA:31,0,1,0
BRDA:35,1,0,0
BRDA:35,1,1,1
BRDA:44,2,0,1
BRDA:44,2,1,1
BRDA:46,3,0,1
BRDA:46,3,1,0
BRDA:52,4,0,0
BRDA:52,4,1,1
BRDA:65,5,0,1
BRDA:65,5,1,1
BRDA:67,6,0,2
BRDA:67,6,1,2
BRDA:74,7,0,1
BRDA:74,7,1,0
BRDA:77,8,0,0
BRDA:77,8,1,0
BRDA:87,9,0,0
BRDA:87,9,1,0
BRDA:95,10,0,0
BRDA:95,10,1,0
BRDA:96,11,0,0
BRDA:96,11,1,0
BRDA:96,12,0,0
BRDA:96,12,1,0
BRDA:103,13,0,0
BRDA:103,13,1,0
BRDA:104,14,0,0
BRDA:104,14,1,0
BRDA:104,15,0,0
BRDA:104,15,1,0
BRDA:107,16,0,0
BRDA:107,16,1,0
BRDA:110,17,0,0
BRDA:110,17,1,0
BRDA:114,18,0,0
BRDA:114,18,1,0
BRDA:149,19,0,3
BRDA:149,19,1,0
BRDA:151,20,0,0
BRDA:151,20,1,0
BRDA:161,21,0,0
BRDA:161,21,1,0
BRF:44
BRH:12
end_of_record
TN:
SF:components\theme\theme-toggle.tsx
FN:5,ThemeToggle
FN:10,(anonymous_1)
FN:13,(anonymous_2)
FN:15,(anonymous_3)
FN:19,(anonymous_4)
FNF:5
FNH:5
FNDA:36,ThemeToggle
FNDA:12,(anonymous_1)
FNDA:3,(anonymous_2)
FNDA:3,(anonymous_3)
FNDA:2,(anonymous_4)
DA:6,36
DA:7,36
DA:8,36
DA:10,36
DA:11,36
DA:13,24
DA:14,3
DA:15,3
DA:16,3
DA:17,2
DA:18,1
DA:19,3
DA:23,24
DA:24,24
DA:26,24
LF:15
LH:15
BRDA:11,0,0,12
BRDA:11,0,1,24
BRDA:16,1,0,1
BRDA:16,1,1,2
BRDA:17,2,0,1
BRDA:17,2,1,1
BRDA:23,3,0,3
BRDA:23,3,1,21
BRDA:23,4,0,3
BRDA:23,4,1,18
BRDA:24,5,0,3
BRDA:24,5,1,21
BRDA:24,6,0,3
BRDA:24,6,1,18
BRDA:28,7,0,3
BRDA:28,7,1,21
BRF:16
BRH:16
end_of_record
TN:
SF:components\ui\badge.tsx
FN:36,Badge
FNF:1
FNH:1
FNDA:12,Badge
DA:6,1
DA:37,12
LF:2
LH:2
BRF:0
BRH:0
end_of_record
TN:
SF:components\ui\button.tsx
FN:44,(anonymous_0)
FNF:1
FNH:1
FNDA:111,(anonymous_0)
DA:7,4
DA:43,4
DA:45,111
DA:46,111
DA:55,4
LF:5
LH:5
BRDA:44,0,0,71
BRDA:45,1,0,40
BRDA:45,1,1,71
BRF:3
BRH:3
end_of_record
TN:
SF:components\ui\dropdown-menu.tsx
FN:26,(anonymous_0)
FN:46,(anonymous_1)
FN:62,(anonymous_2)
FN:82,(anonymous_3)
FN:98,(anonymous_4)
FN:122,(anonymous_5)
FN:146,(anonymous_6)
FN:162,(anonymous_7)
FN:171,(anonymous_8)
FNF:9
FNH:1
FNDA:0,(anonymous_0)
FNDA:0,(anonymous_1)
FNDA:5,(anonymous_2)
FNDA:0,(anonymous_3)
FNDA:0,(anonymous_4)
FNDA:0,(anonymous_5)
FNDA:0,(anonymous_6)
FNDA:0,(anonymous_7)
FNDA:0,(anonymous_8)
DA:9,1
DA:11,1
DA:13,1
DA:15,1
DA:17,1
DA:19,1
DA:21,1
DA:27,0
DA:40,1
DA:43,1
DA:47,0
DA:56,1
DA:59,1
DA:63,5
DA:75,1
DA:77,1
DA:83,0
DA:93,1
DA:95,1
DA:99,0
DA:116,1
DA:119,1
DA:123,0
DA:139,1
DA:141,1
DA:147,0
DA:157,1
DA:159,1
DA:163,0
DA:169,1
DA:171,1
DA:175,0
DA:182,1
LF:33
LH:25
BRDA:31,0,0,0
BRDA:31,0,1,0
BRDA:62,1,0,5
BRDA:87,2,0,0
BRDA:87,2,1,0
BRDA:151,3,0,0
BRDA:151,3,1,0
BRF:7
BRH:1
end_of_record
TN:
SF:components\ui\input.tsx
FN:6,(anonymous_0)
FNF:1
FNH:1
FNDA:233,(anonymous_0)
DA:5,3
DA:7,233
DA:20,3
LF:3
LH:3
BRF:0
BRH:0
end_of_record
TN:
SF:components\ui\label.tsx
FN:17,(anonymous_0)
FNF:1
FNH:1
FNDA:232,(anonymous_0)
DA:9,2
DA:13,2
DA:18,232
DA:24,2
LF:4
LH:4
BRF:0
BRH:0
end_of_record
TN:
SF:components\ui\progress.tsx
FN:11,(anonymous_0)
FNF:1
FNH:1
FNDA:4,(anonymous_0)
DA:8,1
DA:12,4
DA:26,1
LF:3
LH:3
BRDA:22,0,0,4
BRDA:22,0,1,3
BRF:2
BRH:2
end_of_record
TN:
SF:context\progressManager.ts
FN:13,(anonymous_0)
FN:15,(anonymous_1)
FN:20,(anonymous_2)
FN:28,(anonymous_3)
FN:35,(anonymous_4)
FN:41,(anonymous_5)
FN:43,(anonymous_6)
FN:44,(anonymous_7)
FN:46,(anonymous_8)
FNF:9
FNH:4
FNDA:2,(anonymous_0)
FNDA:2,(anonymous_1)
FNDA:2,(anonymous_2)
FNDA:0,(anonymous_3)
FNDA:0,(anonymous_4)
FNDA:1,(anonymous_5)
FNDA:0,(anonymous_6)
FNDA:0,(anonymous_7)
FNDA:0,(anonymous_8)
DA:10,2
DA:11,2
DA:13,2
DA:16,2
DA:17,2
DA:21,2
DA:22,2
DA:23,2
DA:25,2
DA:29,0
DA:30,0
DA:31,0
DA:32,0
DA:36,0
DA:37,0
DA:38,0
DA:42,1
DA:44,0
DA:45,0
DA:46,0
DA:47,0
DA:48,0
LF:22
LH:10
BRDA:16,0,0,2
BRDA:16,0,1,0
BRDA:21,1,0,2
BRDA:21,1,1,0
BRDA:30,2,0,0
BRDA:30,2,1,0
BRDA:45,3,0,0
BRDA:45,3,1,0
BRDA:47,4,0,0
BRDA:47,4,1,0
BRF:10
BRH:2
end_of_record
TN:
SF:infrastructure\gateways\ApiClient.ts
FN:6,(anonymous_0)
FNF:1
FNH:1
FNDA:3,(anonymous_0)
DA:7,3
LF:1
LH:1
BRF:0
BRH:0
end_of_record
TN:
SF:infrastructure\gateways\FetchApiClient.ts
FN:8,(anonymous_0)
FN:27,(anonymous_1)
FN:55,(anonymous_2)
FN:60,(anonymous_3)
FN:61,(anonymous_4)
FNF:5
FNH:5
FNDA:3,(anonymous_0)
FNDA:4,(anonymous_1)
FNDA:1,(anonymous_2)
FNDA:1,(anonymous_3)
FNDA:1,(anonymous_4)
DA:5,3
DA:6,3
DA:9,3
DA:10,3
DA:11,3
DA:13,2
DA:14,1
DA:15,1
DA:16,0
DA:17,0
DA:18,0
DA:19,0
DA:21,1
DA:23,1
DA:28,4
DA:36,4
DA:38,4
DA:39,4
DA:40,4
DA:41,0
DA:42,0
DA:44,4
DA:45,2
DA:46,2
DA:47,2
DA:48,2
DA:49,2
DA:52,2
DA:56,1
DA:57,1
DA:59,1
DA:60,1
DA:62,1
DA:63,1
DA:65,1
LF:35
LH:29
BRDA:13,0,0,1
BRDA:13,0,1,1
BRDA:13,1,0,2
BRDA:13,1,1,1
BRDA:15,2,0,0
BRDA:15,2,1,1
BRDA:32,3,0,0
BRDA:32,3,1,4
BRDA:33,4,0,4
BRDA:33,4,1,4
BRDA:36,5,0,4
BRDA:36,5,1,0
BRDA:39,6,0,4
BRDA:39,6,1,0
BRDA:41,7,0,0
BRDA:41,7,1,0
BRDA:44,8,0,2
BRDA:44,8,1,2
BRDA:45,9,0,2
BRDA:45,9,1,2
BRDA:45,9,2,2
BRDA:45,9,3,2
BRDA:48,10,0,2
BRDA:48,10,1,2
BRDA:56,11,0,0
BRDA:56,11,1,1
BRF:26
BRH:19
end_of_record
TN:
SF:infrastructure\gateways\HttpMethods.ts
FNF:0
FNH:0
LF:0
LH:0
BRF:0
BRH:0
end_of_record
TN:
SF:infrastructure\gateways\auth\FetchAuthGateway.ts
FN:8,(anonymous_0)
FN:10,(anonymous_1)
FN:14,(anonymous_2)
FN:18,(anonymous_3)
FN:22,(anonymous_4)
FNF:5
FNH:5
FNDA:4,(anonymous_0)
FNDA:1,(anonymous_1)
FNDA:1,(anonymous_2)
FNDA:1,(anonymous_3)
FNDA:1,(anonymous_4)
DA:11,1
DA:15,1
DA:19,1
DA:23,1
LF:4
LH:4
BRF:0
BRH:0
end_of_record
TN:
SF:infrastructure\gateways\dashboard\FetchDashboardGateway.ts
FN:8,(anonymous_0)
FN:10,(anonymous_1)
FNF:2
FNH:2
FNDA:1,(anonymous_0)
FNDA:1,(anonymous_1)
DA:11,1
LF:1
LH:1
BRF:0
BRH:0
end_of_record
TN:
SF:infrastructure\gateways\lessonProgress\FetchLessonProgressGateway.ts
FN:8,(anonymous_0)
FN:10,(anonymous_1)
FN:14,(anonymous_2)
FNF:3
FNH:3
FNDA:2,(anonymous_0)
FNDA:1,(anonymous_1)
FNDA:1,(anonymous_2)
DA:11,1
DA:15,1
LF:2
LH:2
BRF:0
BRH:0
end_of_record
TN:
SF:infrastructure\gateways\lessons\FetchLessonGateway.ts
FN:9,(anonymous_0)
FN:11,(anonymous_1)
FN:15,(anonymous_2)
FN:19,(anonymous_3)
FN:23,(anonymous_4)
FN:27,(anonymous_5)
FNF:6
FNH:5
FNDA:4,(anonymous_0)
FNDA:1,(anonymous_1)
FNDA:1,(anonymous_2)
FNDA:1,(anonymous_3)
FNDA:0,(anonymous_4)
FNDA:1,(anonymous_5)
DA:12,1
DA:16,1
DA:20,1
DA:24,0
DA:28,1
LF:5
LH:4
BRF:0
BRH:0
end_of_record
TN:
SF:infrastructure\gateways\taskProgress\FetchTaskProgressGateway.ts
FN:9,(anonymous_0)
FN:11,(anonymous_1)
FN:15,(anonymous_2)
FN:19,(anonymous_3)
FN:23,(anonymous_4)
FNF:5
FNH:5
FNDA:4,(anonymous_0)
FNDA:1,(anonymous_1)
FNDA:1,(anonymous_2)
FNDA:1,(anonymous_3)
FNDA:1,(anonymous_4)
DA:12,1
DA:16,1
DA:20,1
DA:24,1
LF:4
LH:4
BRF:0
BRH:0
end_of_record
TN:
SF:infrastructure\gateways\tasks\FetchTaskGateway.ts
FN:8,(anonymous_0)
FN:10,(anonymous_1)
FNF:2
FNH:2
FNDA:1,(anonymous_0)
FNDA:1,(anonymous_1)
DA:11,1
LF:1
LH:1
BRF:0
BRH:0
end_of_record
TN:
SF:infrastructure\gateways\users\FetchUserGateway.ts
FN:8,(anonymous_0)
FN:10,(anonymous_1)
FN:14,(anonymous_2)
FN:18,(anonymous_3)
FNF:4
FNH:4
FNDA:3,(anonymous_0)
FNDA:1,(anonymous_1)
FNDA:1,(anonymous_2)
FNDA:1,(anonymous_3)
DA:11,1
DA:15,1
DA:19,1
LF:3
LH:3
BRF:0
BRH:0
end_of_record
TN:
SF:infrastructure\persistence\localStorageProgressStorage.ts
FN:7,(anonymous_0)
FN:27,(anonymous_1)
FN:28,(anonymous_2)
FN:35,(anonymous_3)
FNF:4
FNH:1
FNDA:2,(anonymous_0)
FNDA:0,(anonymous_1)
FNDA:0,(anonymous_2)
FNDA:0,(anonymous_3)
DA:5,2
DA:8,2
DA:9,2
DA:10,0
DA:11,0
DA:12,0
DA:13,0
DA:14,0
DA:15,0
DA:16,0
DA:17,0
DA:18,0
DA:21,0
DA:23,0
DA:24,0
DA:28,0
DA:29,0
DA:30,0
DA:32,0
DA:36,0
LF:20
LH:3
BRDA:9,0,0,2
BRDA:9,0,1,0
BRDA:16,1,0,0
BRDA:16,1,1,0
BRDA:29,2,0,0
BRDA:29,2,1,0
BRF:6
BRH:1
end_of_record
TN:
SF:lib\auth.ts
FN:3,getCurrentUser
FN:11,logoutUser
FN:19,hasToken
FN:20,(anonymous_3)
FNF:4
FNH:4
FNDA:2,getCurrentUser
FNDA:2,logoutUser
FNDA:3,hasToken
FNDA:5,(anonymous_3)
DA:4,2
DA:6,1
DA:7,0
DA:12,2
DA:13,2
DA:14,1
DA:15,1
DA:16,1
DA:20,5
LF:9
LH:8
BRDA:6,0,0,1
BRDA:6,0,1,0
BRDA:20,1,0,3
BRDA:20,1,1,3
BRF:4
BRH:3
end_of_record
TN:
SF:lib\safeCallWrapper.ts
FN:1,safeCallWrapper
FNF:1
FNH:1
FNDA:17,safeCallWrapper
DA:2,17
DA:3,17
DA:4,14
DA:6,3
LF:4
LH:4
BRDA:9,0,0,3
BRDA:9,0,1,0
BRDA:10,1,0,3
BRDA:10,1,1,2
BRDA:11,2,0,3
BRDA:11,2,1,2
BRF:6
BRH:5
end_of_record
TN:
SF:lib\utils.ts
FN:4,cn
FNF:1
FNH:1
FNDA:597,cn
DA:5,597
LF:1
LH:1
BRF:0
BRH:0
end_of_record
TN:
SF:tests\mocks\mockApiClient.ts
FN:3,createMockApiClient
FNF:1
FNH:1
FNDA:19,createMockApiClient
DA:4,19
LF:1
LH:1
BRF:0
BRH:0
end_of_record
TN:
SF:tests\mocks\mockAuthentication.ts
FN:10,(anonymous_0)
FN:10,(anonymous_1)
FNF:2
FNH:2
FNDA:1,(anonymous_0)
FNDA:25,(anonymous_1)
DA:3,18
DA:10,25
LF:2
LH:2
BRF:0
BRH:0
end_of_record
TN:
SF:tests\mocks\mockDashboardData.ts
FN:4,createMockDashboardData
FNF:1
FNH:1
FNDA:1,createMockDashboardData
DA:5,1
LF:1
LH:1
BRDA:4,0,0,1
BRF:1
BRH:1
end_of_record
TN:
SF:tests\mocks\mockLesson.ts
FN:3,createMockLesson
FNF:1
FNH:1
FNDA:7,createMockLesson
DA:4,7
LF:1
LH:1
BRDA:3,0,0,4
BRF:1
BRH:1
end_of_record
TN:
SF:tests\mocks\mockLessonProgress.ts
FN:3,createMockLessonProgress
FNF:1
FNH:1
FNDA:4,createMockLessonProgress
DA:4,4
LF:1
LH:1
BRDA:3,0,0,1
BRF:1
BRH:1
end_of_record
TN:
SF:tests\mocks\mockNextNavigation.ts
FN:4,(anonymous_0)
FN:5,(anonymous_1)
FN:6,(anonymous_2)
FNF:3
FNH:0
FNDA:0,(anonymous_0)
FNDA:0,(anonymous_1)
FNDA:0,(anonymous_2)
DA:1,18
DA:2,18
DA:4,18
DA:5,0
DA:6,0
LF:5
LH:3
BRF:0
BRH:0
end_of_record
TN:
SF:tests\mocks\mockTask.ts
FN:4,createMockTask
FNF:1
FNH:1
FNDA:17,createMockTask
DA:5,17
LF:1
LH:1
BRDA:4,0,0,7
BRF:1
BRH:1
end_of_record
TN:
SF:tests\mocks\mockTaskProgress.ts
FN:3,createMockTaskProgress
FNF:1
FNH:1
FNDA:7,createMockTaskProgress
DA:4,7
LF:1
LH:1
BRDA:3,0,0,2
BRF:1
BRH:1
end_of_record
TN:
SF:tests\mocks\mockThemeToggle.tsx
FN:1,ThemeToggle
FNF:1
FNH:0
FNDA:0,ThemeToggle
DA:2,0
LF:1
LH:0
BRF:0
BRH:0
end_of_record
TN:
SF:tests\mocks\mockUser.ts
FN:3,createMockUser
FNF:1
FNH:1
FNDA:4,createMockUser
DA:4,4
LF:1
LH:1
BRDA:3,0,0,4
BRF:1
BRH:1
end_of_record
TN:
SF:types\difficultyLevels.ts
FNF:0
FNH:0
LF:0
LH:0
BRF:0
BRH:0
end_of_record
TN:
SF:types\progressStatus.ts
FNF:0
FNH:0
LF:0
LH:0
BRF:0
BRH:0
end_of_record
