TN:
SF:components\navbar\navbar.tsx
FN:12,Navbar
FN:19,(anonymous_1)
FN:22,(anonymous_2)
FN:97,(anonymous_3)
FN:110,(anonymous_4)
FN:116,(anonymous_5)
FN:126,(anonymous_6)
FN:131,(anonymous_7)
FNF:8
FNH:2
FNDA:4,Navbar
FNDA:2,(anonymous_1)
FNDA:0,(anonymous_2)
FNDA:0,(anonymous_3)
FNDA:0,(anonymous_4)
FNDA:0,(anonymous_5)
FNDA:0,(anonymous_6)
FNDA:0,(anonymous_7)
DA:13,4
DA:14,4
DA:15,4
DA:16,4
DA:17,4
DA:19,4
DA:20,4
DA:22,2
DA:23,0
DA:24,0
DA:25,0
DA:28,2
DA:97,0
DA:110,0
DA:116,0
DA:126,0
DA:131,0
LF:17
LH:9
BRDA:20,0,0,2
BRDA:20,0,1,2
BRDA:42,1,0,0
BRDA:42,1,1,2
BRDA:45,2,0,2
BRDA:45,2,1,1
BRDA:50,3,0,0
BRDA:50,3,1,1
BRDA:58,4,0,1
BRDA:58,4,1,1
BRDA:99,5,0,0
BRDA:99,5,1,2
BRDA:100,6,0,0
BRDA:100,6,1,2
BRDA:107,7,0,0
BRDA:107,7,1,2
BRDA:111,8,0,0
BRDA:111,8,1,2
BRDA:115,9,0,2
BRDA:115,9,1,1
BRDA:117,10,0,0
BRDA:117,10,1,1
BRDA:123,11,0,2
BRDA:123,11,1,1
BRF:24
BRH:17
end_of_record
TN:
SF:components\theme\theme-toggle.tsx
FN:5,ThemeToggle
FN:10,(anonymous_1)
FN:13,(anonymous_2)
FN:15,(anonymous_3)
FN:19,(anonymous_4)
FNF:5
FNH:2
FNDA:4,ThemeToggle
FNDA:2,(anonymous_1)
FNDA:0,(anonymous_2)
FNDA:0,(anonymous_3)
FNDA:0,(anonymous_4)
DA:6,4
DA:7,4
DA:8,4
DA:10,4
DA:11,4
DA:13,2
DA:14,0
DA:15,0
DA:16,0
DA:17,0
DA:18,0
DA:19,0
DA:23,2
DA:24,2
DA:26,2
LF:15
LH:9
BRDA:11,0,0,2
BRDA:11,0,1,2
BRDA:16,1,0,0
BRDA:16,1,1,0
BRDA:17,2,0,0
BRDA:17,2,1,0
BRDA:23,3,0,0
BRDA:23,3,1,2
BRDA:23,4,0,0
BRDA:23,4,1,2
BRDA:24,5,0,0
BRDA:24,5,1,2
BRDA:24,6,0,0
BRDA:24,6,1,2
BRDA:28,7,0,0
BRDA:28,7,1,2
BRF:16
BRH:7
end_of_record
TN:
SF:components\ui\button.tsx
FN:44,(anonymous_0)
FNF:1
FNH:1
FNDA:6,(anonymous_0)
DA:7,1
DA:43,1
DA:45,6
DA:46,6
DA:55,1
LF:5
LH:5
BRDA:44,0,0,2
BRDA:45,1,0,4
BRDA:45,1,1,2
BRF:3
BRH:3
end_of_record
TN:
SF:components\ui\dropdown-menu.tsx
FN:26,(anonymous_0)
FN:46,(anonymous_1)
FN:62,(anonymous_2)
FN:82,(anonymous_3)
FN:98,(anonymous_4)
FN:122,(anonymous_5)
FN:146,(anonymous_6)
FN:162,(anonymous_7)
FN:171,(anonymous_8)
FNF:9
FNH:1
FNDA:0,(anonymous_0)
FNDA:0,(anonymous_1)
FNDA:1,(anonymous_2)
FNDA:0,(anonymous_3)
FNDA:0,(anonymous_4)
FNDA:0,(anonymous_5)
FNDA:0,(anonymous_6)
FNDA:0,(anonymous_7)
FNDA:0,(anonymous_8)
DA:9,1
DA:11,1
DA:13,1
DA:15,1
DA:17,1
DA:19,1
DA:21,1
DA:27,0
DA:40,1
DA:43,1
DA:47,0
DA:56,1
DA:59,1
DA:63,1
DA:75,1
DA:77,1
DA:83,0
DA:93,1
DA:95,1
DA:99,0
DA:116,1
DA:119,1
DA:123,0
DA:139,1
DA:141,1
DA:147,0
DA:157,1
DA:159,1
DA:163,0
DA:169,1
DA:171,1
DA:175,0
DA:182,1
LF:33
LH:25
BRDA:31,0,0,0
BRDA:31,0,1,0
BRDA:62,1,0,1
BRDA:87,2,0,0
BRDA:87,2,1,0
BRDA:151,3,0,0
BRDA:151,3,1,0
BRF:7
BRH:1
end_of_record
TN:
SF:infrastructure\gateways\HttpMethods.ts
FNF:0
FNH:0
LF:0
LH:0
BRF:0
BRH:0
end_of_record
TN:
SF:infrastructure\gateways\users\FetchUserGateway.ts
FN:8,(anonymous_0)
FN:10,(anonymous_1)
FN:14,(anonymous_2)
FN:18,(anonymous_3)
FNF:4
FNH:4
FNDA:3,(anonymous_0)
FNDA:1,(anonymous_1)
FNDA:1,(anonymous_2)
FNDA:1,(anonymous_3)
DA:11,1
DA:15,1
DA:19,1
LF:3
LH:3
BRF:0
BRH:0
end_of_record
TN:
SF:lib\utils.ts
FN:4,cn
FNF:1
FNH:1
FNDA:7,cn
DA:5,7
LF:1
LH:1
BRF:0
BRH:0
end_of_record
TN:
SF:tests\mocks\mockApiClient.ts
FN:3,createMockApiClient
FNF:1
FNH:1
FNDA:3,createMockApiClient
DA:4,3
LF:1
LH:1
BRF:0
BRH:0
end_of_record
TN:
SF:tests\mocks\mockAuthentication.ts
FN:10,(anonymous_0)
FN:10,(anonymous_1)
FNF:2
FNH:2
FNDA:1,(anonymous_0)
FNDA:4,(anonymous_1)
DA:3,2
DA:10,4
LF:2
LH:2
BRF:0
BRH:0
end_of_record
TN:
SF:tests\mocks\mockNextNavigation.ts
FN:4,(anonymous_0)
FN:5,(anonymous_1)
FN:6,(anonymous_2)
FNF:3
FNH:3
FNDA:1,(anonymous_0)
FNDA:4,(anonymous_1)
FNDA:4,(anonymous_2)
DA:1,2
DA:2,2
DA:4,2
DA:5,4
DA:6,4
LF:5
LH:5
BRF:0
BRH:0
end_of_record
TN:
SF:tests\mocks\mockThemeToggle.tsx
FN:1,ThemeToggle
FNF:1
FNH:0
FNDA:0,ThemeToggle
DA:2,0
LF:1
LH:0
BRF:0
BRH:0
end_of_record
